[0415/184013.621:INFO:CONSOLE:0] "The service worker navigation preload request was cancelled before 'preloadResponse' settled. If you intend to use 'preloadResponse', use waitUntil() or respondWith() to wait for the promise to settle.", source:  (0)
[0415/184014.037:INFO:CONSOLE:705] "%c%s color:teal;font-size:24px Developing an extension for Meet? An add-on would work better.", source: https://meet.google.com/_/scs/mss-static/_/js/k=boq-rtc.MeetingsUi.en_US.H_R4dpdy3uQ.2020.O/am=AAAAwDAAAAAAACAAAAAAAIBABAAAAAiEQQAAQAAAAQIBAAAAAAIAAAAAAAAAAAAAQAZgABgAAQ/d=1/excm=_b,_tp,calldesktoppageview/ed=1/dg=0/br=1/wt=2/ujg=1/rs=AL5CKSFzIkPKQ42y3kgCxEEZ8tXsA_wFoA/dti=1/m=_b,_tp?wli=MeetingsUi.V9oXIQCnLmU.loadAudioAnalyzer.O%3A%3BMeetingsUi.YIhIGrC_dD8.loadAudioEncoder.O%3A%3BMeetingsUi.NW19RCr9Mo0.loadNetEqSabWrapper.O%3A%3BMeetingsUi.uuzP_RX65Sk.loadNetEqWrapper.O%3A%3B (705)
[0415/184014.037:INFO:CONSOLE:705] "%c%s color:teal;font-size:16px Extensions frequently cause user issues by altering the page.", source: https://meet.google.com/_/scs/mss-static/_/js/k=boq-rtc.MeetingsUi.en_US.H_R4dpdy3uQ.2020.O/am=AAAAwDAAAAAAACAAAAAAAIBABAAAAAiEQQAAQAAAAQIBAAAAAAIAAAAAAAAAAAAAQAZgABgAAQ/d=1/excm=_b,_tp,calldesktoppageview/ed=1/dg=0/br=1/wt=2/ujg=1/rs=AL5CKSFzIkPKQ42y3kgCxEEZ8tXsA_wFoA/dti=1/m=_b,_tp?wli=MeetingsUi.V9oXIQCnLmU.loadAudioAnalyzer.O%3A%3BMeetingsUi.YIhIGrC_dD8.loadAudioEncoder.O%3A%3BMeetingsUi.NW19RCr9Mo0.loadNetEqSabWrapper.O%3A%3BMeetingsUi.uuzP_RX65Sk.loadNetEqWrapper.O%3A%3B (705)
[0415/184014.037:INFO:CONSOLE:706] "%c%s font-size:16px https://developers.google.com/meet/add-ons", source: https://meet.google.com/_/scs/mss-static/_/js/k=boq-rtc.MeetingsUi.en_US.H_R4dpdy3uQ.2020.O/am=AAAAwDAAAAAAACAAAAAAAIBABAAAAAiEQQAAQAAAAQIBAAAAAAIAAAAAAAAAAAAAQAZgABgAAQ/d=1/excm=_b,_tp,calldesktoppageview/ed=1/dg=0/br=1/wt=2/ujg=1/rs=AL5CKSFzIkPKQ42y3kgCxEEZ8tXsA_wFoA/dti=1/m=_b,_tp?wli=MeetingsUi.V9oXIQCnLmU.loadAudioAnalyzer.O%3A%3BMeetingsUi.YIhIGrC_dD8.loadAudioEncoder.O%3A%3BMeetingsUi.NW19RCr9Mo0.loadNetEqSabWrapper.O%3A%3BMeetingsUi.uuzP_RX65Sk.loadNetEqWrapper.O%3A%3B (706)
[0415/184014.047:INFO:CONSOLE:604] "%c%s color: red; background: yellow; font-size: 24px; WARNING!", source: https://meet.google.com/_/scs/mss-static/_/js/k=boq-rtc.MeetingsUi.en_US.H_R4dpdy3uQ.2020.O/am=AAAAwDAAAAAAACAAAAAAAIBABAAAAAiEQQAAQAAAAQIBAAAAAAIAAAAAAAAAAAAAQAZgABgAAQ/d=1/excm=_b,_tp,calldesktoppageview/ed=1/dg=0/br=1/wt=2/ujg=1/rs=AL5CKSFzIkPKQ42y3kgCxEEZ8tXsA_wFoA/dti=1/m=_b,_tp?wli=MeetingsUi.V9oXIQCnLmU.loadAudioAnalyzer.O%3A%3BMeetingsUi.YIhIGrC_dD8.loadAudioEncoder.O%3A%3BMeetingsUi.NW19RCr9Mo0.loadNetEqSabWrapper.O%3A%3BMeetingsUi.uuzP_RX65Sk.loadNetEqWrapper.O%3A%3B (604)
[0415/184014.047:INFO:CONSOLE:604] "%c%s font-size: 18px; Using this console may allow attackers to impersonate you and steal your information using an attack called Self-XSS.
Do not enter or paste code that you do not understand.", source: https://meet.google.com/_/scs/mss-static/_/js/k=boq-rtc.MeetingsUi.en_US.H_R4dpdy3uQ.2020.O/am=AAAAwDAAAAAAACAAAAAAAIBABAAAAAiEQQAAQAAAAQIBAAAAAAIAAAAAAAAAAAAAQAZgABgAAQ/d=1/excm=_b,_tp,calldesktoppageview/ed=1/dg=0/br=1/wt=2/ujg=1/rs=AL5CKSFzIkPKQ42y3kgCxEEZ8tXsA_wFoA/dti=1/m=_b,_tp?wli=MeetingsUi.V9oXIQCnLmU.loadAudioAnalyzer.O%3A%3BMeetingsUi.YIhIGrC_dD8.loadAudioEncoder.O%3A%3BMeetingsUi.NW19RCr9Mo0.loadNetEqSabWrapper.O%3A%3BMeetingsUi.uuzP_RX65Sk.loadNetEqWrapper.O%3A%3B (604)
[0415/184015.242:INFO:CONSOLE:0] "WebGL: CONTEXT_LOST_WEBGL: loseContext: context lost", source: https://meet.google.com/duh-pvyy-rsf (0)
[0415/184015.610:INFO:CONSOLE:8344] "Uncaught (in promise) ConnectError: startupCode: 200, error = {
  statusCode = 403
  status = {
    Zl = {
      0 = 7
      1 = "The caller does not have permission"
      closure_uid_273605205 = 11
    }
    closure_uid_273605205 = 10
    Ic = "v3Bbmc"
  }
  extraData = {
    OSb = 39
    wsc = undefined
    closure_uid_273605205 = 12
  }
  name = "GrpcErrorResponse"
  headers = {
    alt-svc = "h3=":443"; ma=2592000,h3-29=":443"; ma=2592000"
    content-encoding = "gzip"
    content-length = "59"
    content-type = "application/x-protobuf"
    date = "Wed, 15 Apr 2026 13:10:15 GMT"
    server = "ESF"
    vary = "Origin, X-Origin, Referer"
    x-content-type-options = "nosniff"
    x-frame-options = "SAMEORIGIN"
    x-l2-request-path = "l2-managed-9"
    x-xss-protection = "0"
    closure_uid_273605205 = 13
  }
  closure_uid_273605205 = 9
}", source: https://meet.google.com/_/scs/mss-static/_/js/k=boq-rtc.MeetingsUi.en_US.H_R4dpdy3uQ.2020.O/ck=boq-rtc.MeetingsUi.cfULIBr4sKI.L.B1.O/am=AAAAwDAAAAAAACAAAAAAAIBABAAAAAiEQQAAQAAAAQIBAAAAAAIAAAAAAAAAAAAAQAZgABgAAQ/d=1/exm=LEikZe,_b,_tp,byfTOb,lsjVmc/excm=_b,_tp,calldesktoppageview/ed=1/br=1/wt=2/ujg=1/rs=AL5CKSEUG8MJxn6zzFl9FNEJCY8Snva9_A/ee=Arv56d:UdO36;BK4xnc:aLbsjd;BjCzpe:Yvr34d;Bnf5Lc:iPDrZd;CMRktf:ZW5KY;DGWCxb:CgYiQ;E1tgbf:hMxPK;EAoUvb:aKikzb;EVNhjf:pw70Gc;EfKZq:QO2YB;EmZ2Bf:zr1jrb;Eznmmf:ZBQqM;GKUnZb:cVkoff;GmdGTd:Ct4wsb;Gxyndb:RXav6b;I3DTKc:LTQfve;IXc14:eHmsLe;J9XQCb:QxciMb;JDjXcd:Qd339;JLGZx:oSnDHf;JRbXs:rXZ2Bc;JsINff:j38I5b;JsbNhc:Xd8iUd;JyyiTe:lFKLaf;K5nYTd:ZDZcre;KKym4b:wA3hpc;KNpT6b:iSCite;KgXQpf:pQJdrb;LBgRLc:SdcwHb;LQJKcd:WuS5Ye;MJ6mxb:ubdYZ;Me32dd:MEeYgc;N8ehxe:Kbg7A;NJ1rfe:qTnoBf;NPKaK:SdcwHb;NSEoX:lazG7b;OOoYAb:Oj9pPe;Oljzec:hapS2c;PKzJzb:dnkez;PRDQhf:ux3mLc;PgXDBd:dm1dhc;Pjplud:EEDORb;QGR0gd:Mlhmy;QhhnXd:UqJYYe;QhvHX:NQ1Nve;RRwdt:gGRuRe;RYWUUc:anescc;Rh5nIc:JScXmc;SIjcAd:jrKD8b;SL22ab:CBRamd;SNUn3:ZwDk9d;SVOR2e:RqS4qe;SVvzme:BPB8ib;ScI3Yc:e7Hzgb;TB8xhd:AGa58c;TQJGG:MMwcGd;UBVe9b:LmGNqf;ULs67c:bdUBJc;USPTDe:samWqd;Up9aO:kY43Sc;Uvc8o:VDovNc;V7j7Sb:stsTjb;VJwZIe:q5U1uf;WVUuUe:uxYODe;WakxJc:KMpyYe;X6zUkd:u0z0vd;XSYl9e:GNVVIb;YBlgBf:LMo5Id;YFiZsd:TlQJXd;YIZmRd:A1yn5d;YU9uyb:GBHoTc;Ycdno:b643vd;YfZO5c:CVuqWd;Z8AODd:ihbx2;ZE1Tgd:rNScwd;ZT1aHd:g7FNPe;ZjyI3e:W2v6fc;a56pNe:JEfCwb;aPdIxb:ZqIv2d;bS8oAe:Kimhwf;brg6Gd:TlvL3b;cEt90b:ws9Tlc;cFl0Ie:PWJipc;cJj1Kd:A5k23d;cgbTHc:G8ycZ;d91XDb:tjhtsb;dDPGef:kDKsbe;dIoSBb:SpsfSb;dJVrcf:fmvkof;dYFttf:ZRxAzc;db2rie:oc9Zo;dowIGb:ebZ3mb;eBAeSb:zbML3c;eWFXjf:WUUEg;esl3oe:Qz2vJf;fh9ycc:gHNvKb;g2wfV:DcDVld;hgud7d:GNh0Qc;hoquJe:EjBUIf;hqnwXb:h3KkD;iFQyKf:QIhFr;isrdHb:g76ZJb;jRrT5d:EHUI2d;jtBjNe:dWHZee;kAY4yb:mo91qb;kMsbmb:F36Cxf;kNqx7b:gzp7wb;kqpyR:qIJF2;l4RAwd:h5Fnie;l6twR:Fvyyad;lOO0Vd:OTA3Ae;lmfio:XdVMLb;m4bwx:htQxyf;nhTMMb:Dye5ne;oFd48c:l7VM1e;oGtAuc:sOXFj;oJejCf:u1kdYb;oVMxO:oroUaf;p0iB4:VQhtq;pXdRYb:MdUzUe;pb7frb:frmWbd;qQEoOc:KUM7Z;qSBODf:H8X5pc;qafBPd:yDVVkb;qddgKe:xQtZb;qgOdad:UbCE6c;rFz9ic:XIElh;rRTjcf:qg38Pd;rWx8Cc:oJTSrd;rarsed:Mb2qyd;sgnAWd:HkSoT;ssiZFc:BhQ85d;wNp4Gc:k56rsf;wR5FRb:O1Gjze;x2i2de:zeWni;xbOSgd:e5G55;xqZiqf:wmnU7d;ye9FMd:KC9GA;yxTchf:KUM7Z;zBvUNc:fT8Mbb;zJxI2:kxz7Nb;zxnPse:GkRiKb/dti=1/m=ws9Tlc,O6y8ed,aW3pY,GkRiKb,e5qFLc,IZT63,YYmHzb,pw70Gc,n73qwf,UUJqVe,KUM7Z,O1Gjze,xUdipf,ZDZcre,OTA3Ae,ZwDk9d,RyvaUb,mI3LFb,XU5LFb,m9oV,hl,P6sQOc,QcfBve,qTnoBf,mzzZzc,rCcCxc,mSX26d,evLPce,WO9ee,JGjVRe,sUf34,RRz14e,UUpPP,en2VH,YStpld,kRDR8c,DALazd,sszRX,FU117c,QQnX0,u8imKc,PrPYRd,MpJwZc,NwH0H,V3dDOb,lazG7b,Ivl8bd,g9HNd,XVMNvd,Fl2dbf,QIhFr,xQtZb,lwddkf,gychg,w9hDv,RMhBfe,gJzDyc,SdcwHb,texUgd,uCiDbf,EFQ78c,Ulmmrd,A7fCU,mdR7q,lfpdyf,wmnU7d,FSOnAf,hc6Ubd,JNoxi,MI6k7c,kjKdXe,BVgquf,SpsfSb,hKSk3e,Z5uLle,MdUzUe,zbML3c,zr1jrb,Uas9Hd,pjICDe?wli=MeetingsUi.V9oXIQCnLmU.loadAudioAnalyzer.O%3A%3BMeetingsUi.YIhIGrC_dD8.loadAudioEncoder.O%3A%3BMeetingsUi.NW19RCr9Mo0.loadNetEqSabWrapper.O%3A%3BMeetingsUi.uuzP_RX65Sk.loadNetEqWrapper.O%3A%3B (8344)
[0415/184015.611:INFO:CONSOLE:27] "Uncaught (in promise) ConnectError: startupCode: 200, error = {
  statusCode = 403
  status = {
    Zl = {
      0 = 7
      1 = "The caller does not have permission"
      closure_uid_273605205 = 11
    }
    closure_uid_273605205 = 10
    Ic = "v3Bbmc"
  }
  extraData = {
    OSb = 39
    wsc = undefined
    closure_uid_273605205 = 12
  }
  name = "GrpcErrorResponse"
  headers = {
    alt-svc = "h3=":443"; ma=2592000,h3-29=":443"; ma=2592000"
    content-encoding = "gzip"
    content-length = "59"
    content-type = "application/x-protobuf"
    date = "Wed, 15 Apr 2026 13:10:15 GMT"
    server = "ESF"
    vary = "Origin, X-Origin, Referer"
    x-content-type-options = "nosniff"
    x-frame-options = "SAMEORIGIN"
    x-l2-request-path = "l2-managed-9"
    x-xss-protection = "0"
    closure_uid_273605205 = 13
  }
  closure_uid_273605205 = 9
}", source: https://meet.google.com/_/scs/mss-static/_/js/k=boq-rtc.MeetingsUi.en_US.H_R4dpdy3uQ.2020.O/ck=boq-rtc.MeetingsUi.cfULIBr4sKI.L.B1.O/am=AAAAwDAAAAAAACAAAAAAAIBABAAAAAiEQQAAQAAAAQIBAAAAAAIAAAAAAAAAAAAAQAZgABgAAQ/d=1/exm=A4UTCb,A5iG7e,A7fCU,Af18Qe,Af2VCc,Altt3e,BVgquf,CqZKyc,CrPWbe,DALazd,DDKDre,DqbA0b,EFQ78c,EbM8gf,FEv7Hc,FH3f2d,FNEVwb,FSOnAf,FU117c,FZav9c,Fl2dbf,GJVpQd,GkRiKb,HHXiif,IHWUld,IHpeje,INwHbf,IZT63,Ivl8bd,J9PVmc,JGjVRe,JIby9d,JNoxi,JTBQeb,KGTCY,KRZHBd,KUM7Z,LBaJxb,LEikZe,LvGhrf,MI6k7c,MVkoYc,MdUzUe,MpJwZc,NwH0H,Nx2Kue,NzBc0b,O1Gjze,O626Fe,O6y8ed,OMHQQd,OTA3Ae,Ot0YQ,P6sQOc,PrPYRd,PvCnPb,QIhFr,QQnX0,QTjpF,QcfBve,RI2FRb,RMhBfe,RRz14e,RiINWe,RqjULd,RyvaUb,SdcwHb,SoCIXb,SpsfSb,UUJqVe,UUpPP,Uas9Hd,Ulmmrd,V3dDOb,VXdfxd,VZIiNe,W3qSJe,W4c4Lb,WO9ee,WdGZAb,XCoqFe,XU5LFb,XVMNvd,XZF6xd,XhPxYe,XxQF9e,YStpld,YYmHzb,Z5uLle,ZDZcre,ZvHseb,ZwDk9d,_b,_tp,aCBidb,aW3pY,bvEFQ,byfTOb,bzfTxd,c4XQ6d,dtQcwe,dyDNGc,e5qFLc,ecEQIe,en2VH,evLPce,fiGjtf,fjbyL,g9HNd,gJzDyc,glr9s,gychg,hItSFb,hKSk3e,hS0dzd,hc6Ubd,hl,i8oNZb,ihGxF,ix2CXc,kRDR8c,keNb9b,kjKdXe,lDoNce,lazG7b,lfpdyf,lpeQhc,lsjVmc,lwddkf,m9oV,mI3LFb,mSX26d,mdR7q,mzzZzc,n73qwf,nEIPnd,nokbA,o72XM,oBkJpe,oJz28e,oNfeAd,p3hmRc,pjICDe,pw70Gc,q0xTif,q54pYe,qTnoBf,qUYJve,r1OlYd,rCcCxc,rJgbC,rm2zn,s39Vde,sOXFj,sUf34,sszRX,t50XUc,texUgd,u8imKc,uCiDbf,uSiJ7,uislHc,v3i0Z,v83HBe,vDQ4Qd,vvktIb,vyDpFd,w4Dafe,w9hDv,wdAvhd,wmnU7d,ws9Tlc,xQtZb,xUdipf,xbDtq,xzlyef,yEk6Te,yHo95e,yQU2x,yf5KH,ymIGKd,zbML3c,zj6ZKd,zr1jrb/excm=_b,_tp,calldesktoppageview/ed=1/br=1/wt=2/ujg=1/rs=AL5CKSEUG8MJxn6zzFl9FNEJCY8Snva9_A/ee=Arv56d:UdO36;BK4xnc:aLbsjd;BjCzpe:Yvr34d;Bnf5Lc:iPDrZd;CMRktf:ZW5KY;DGWCxb:CgYiQ;E1tgbf:hMxPK;EAoUvb:aKikzb;EVNhjf:pw70Gc;EfKZq:QO2YB;EmZ2Bf:zr1jrb;Eznmmf:ZBQqM;GKUnZb:cVkoff;GmdGTd:Ct4wsb;Gxyndb:RXav6b;I3DTKc:LTQfve;IXc14:eHmsLe;J9XQCb:QxciMb;JDjXcd:Qd339;JLGZx:oSnDHf;JRbXs:rXZ2Bc;JsINff:j38I5b;JsbNhc:Xd8iUd;JyyiTe:lFKLaf;K5nYTd:ZDZcre;KKym4b:wA3hpc;KNpT6b:iSCite;KgXQpf:pQJdrb;LBgRLc:SdcwHb;LQJKcd:WuS5Ye;MJ6mxb:ubdYZ;Me32dd:MEeYgc;N8ehxe:Kbg7A;NJ1rfe:qTnoBf;NPKaK:SdcwHb;NSEoX:lazG7b;OOoYAb:Oj9pPe;Oljzec:hapS2c;PKzJzb:dnkez;PRDQhf:ux3mLc;PgXDBd:dm1dhc;Pjplud:EEDORb;QGR0gd:Mlhmy;QhhnXd:UqJYYe;QhvHX:NQ1Nve;RRwdt:gGRuRe;RYWUUc:anescc;Rh5nIc:JScXmc;SIjcAd:jrKD8b;SL22ab:CBRamd;SNUn3:ZwDk9d;SVOR2e:RqS4qe;SVvzme:BPB8ib;ScI3Yc:e7Hzgb;TB8xhd:AGa58c;TQJGG:MMwcGd;UBVe9b:LmGNqf;ULs67c:bdUBJc;USPTDe:samWqd;Up9aO:kY43Sc;Uvc8o:VDovNc;V7j7Sb:stsTjb;VJwZIe:q5U1uf;WVUuUe:uxYODe;WakxJc:KMpyYe;X6zUkd:u0z0vd;XSYl9e:GNVVIb;YBlgBf:LMo5Id;YFiZsd:TlQJXd;YIZmRd:A1yn5d;YU9uyb:GBHoTc;Ycdno:b643vd;YfZO5c:CVuqWd;Z8AODd:ihbx2;ZE1Tgd:rNScwd;ZT1aHd:g7FNPe;ZjyI3e:W2v6fc;a56pNe:JEfCwb;aPdIxb:ZqIv2d;bS8oAe:Kimhwf;brg6Gd:TlvL3b;cEt90b:ws9Tlc;cFl0Ie:PWJipc;cJj1Kd:A5k23d;cgbTHc:G8ycZ;d91XDb:tjhtsb;dDPGef:kDKsbe;dIoSBb:SpsfSb;dJVrcf:fmvkof;dYFttf:ZRxAzc;db2rie:oc9Zo;dowIGb:ebZ3mb;eBAeSb:zbML3c;eWFXjf:WUUEg;esl3oe:Qz2vJf;fh9ycc:gHNvKb;g2wfV:DcDVld;hgud7d:GNh0Qc;hoquJe:EjBUIf;hqnwXb:h3KkD;iFQyKf:QIhFr;isrdHb:g76ZJb;jRrT5d:EHUI2d;jtBjNe:dWHZee;kAY4yb:mo91qb;kMsbmb:F36Cxf;kNqx7b:gzp7wb;kqpyR:qIJF2;l4RAwd:h5Fnie;l6twR:Fvyyad;lOO0Vd:OTA3Ae;lmfio:XdVMLb;m4bwx:htQxyf;nhTMMb:Dye5ne;oFd48c:l7VM1e;oGtAuc:sOXFj;oJejCf:u1kdYb;oVMxO:oroUaf;p0iB4:VQhtq;pXdRYb:MdUzUe;pb7frb:frmWbd;qQEoOc:KUM7Z;qSBODf:H8X5pc;qafBPd:yDVVkb;qddgKe:xQtZb;qgOdad:UbCE6c;rFz9ic:XIElh;rRTjcf:qg38Pd;rWx8Cc:oJTSrd;rarsed:Mb2qyd;sgnAWd:HkSoT;ssiZFc:BhQ85d;wNp4Gc:k56rsf;wR5FRb:O1Gjze;x2i2de:zeWni;xbOSgd:e5G55;xqZiqf:wmnU7d;ye9FMd:KC9GA;yxTchf:KUM7Z;zBvUNc:fT8Mbb;zJxI2:kxz7Nb;zxnPse:GkRiKb/dti=1/m=IC29Ne,YUO7ad,TRbfBb?wli=MeetingsUi.V9oXIQCnLmU.loadAudioAnalyzer.O%3A%3BMeetingsUi.YIhIGrC_dD8.loadAudioEncoder.O%3A%3BMeetingsUi.NW19RCr9Mo0.loadNetEqSabWrapper.O%3A%3BMeetingsUi.uuzP_RX65Sk.loadNetEqWrapper.O%3A%3B (27)
[0415/184015.611:INFO:CONSOLE:8344] "Uncaught (in promise) ConnectError: startupCode: 200, error = {
  statusCode = 403
  status = {
    Zl = {
      0 = 7
      1 = "The caller does not have permission"
      closure_uid_273605205 = 11
    }
    closure_uid_273605205 = 10
    Ic = "v3Bbmc"
  }
  extraData = {
    OSb = 39
    wsc = undefined
    closure_uid_273605205 = 12
  }
  name = "GrpcErrorResponse"
  headers = {
    alt-svc = "h3=":443"; ma=2592000,h3-29=":443"; ma=2592000"
    content-encoding = "gzip"
    content-length = "59"
    content-type = "application/x-protobuf"
    date = "Wed, 15 Apr 2026 13:10:15 GMT"
    server = "ESF"
    vary = "Origin, X-Origin, Referer"
    x-content-type-options = "nosniff"
    x-frame-options = "SAMEORIGIN"
    x-l2-request-path = "l2-managed-9"
    x-xss-protection = "0"
    closure_uid_273605205 = 13
  }
  closure_uid_273605205 = 9
}", source: https://meet.google.com/_/scs/mss-static/_/js/k=boq-rtc.MeetingsUi.en_US.H_R4dpdy3uQ.2020.O/ck=boq-rtc.MeetingsUi.cfULIBr4sKI.L.B1.O/am=AAAAwDAAAAAAACAAAAAAAIBABAAAAAiEQQAAQAAAAQIBAAAAAAIAAAAAAAAAAAAAQAZgABgAAQ/d=1/exm=LEikZe,_b,_tp,byfTOb,lsjVmc/excm=_b,_tp,calldesktoppageview/ed=1/br=1/wt=2/ujg=1/rs=AL5CKSEUG8MJxn6zzFl9FNEJCY8Snva9_A/ee=Arv56d:UdO36;BK4xnc:aLbsjd;BjCzpe:Yvr34d;Bnf5Lc:iPDrZd;CMRktf:ZW5KY;DGWCxb:CgYiQ;E1tgbf:hMxPK;EAoUvb:aKikzb;EVNhjf:pw70Gc;EfKZq:QO2YB;EmZ2Bf:zr1jrb;Eznmmf:ZBQqM;GKUnZb:cVkoff;GmdGTd:Ct4wsb;Gxyndb:RXav6b;I3DTKc:LTQfve;IXc14:eHmsLe;J9XQCb:QxciMb;JDjXcd:Qd339;JLGZx:oSnDHf;JRbXs:rXZ2Bc;JsINff:j38I5b;JsbNhc:Xd8iUd;JyyiTe:lFKLaf;K5nYTd:ZDZcre;KKym4b:wA3hpc;KNpT6b:iSCite;KgXQpf:pQJdrb;LBgRLc:SdcwHb;LQJKcd:WuS5Ye;MJ6mxb:ubdYZ;Me32dd:MEeYgc;N8ehxe:Kbg7A;NJ1rfe:qTnoBf;NPKaK:SdcwHb;NSEoX:lazG7b;OOoYAb:Oj9pPe;Oljzec:hapS2c;PKzJzb:dnkez;PRDQhf:ux3mLc;PgXDBd:dm1dhc;Pjplud:EEDORb;QGR0gd:Mlhmy;QhhnXd:UqJYYe;QhvHX:NQ1Nve;RRwdt:gGRuRe;RYWUUc:anescc;Rh5nIc:JScXmc;SIjcAd:jrKD8b;SL22ab:CBRamd;SNUn3:ZwDk9d;SVOR2e:RqS4qe;SVvzme:BPB8ib;ScI3Yc:e7Hzgb;TB8xhd:AGa58c;TQJGG:MMwcGd;UBVe9b:LmGNqf;ULs67c:bdUBJc;USPTDe:samWqd;Up9aO:kY43Sc;Uvc8o:VDovNc;V7j7Sb:stsTjb;VJwZIe:q5U1uf;WVUuUe:uxYODe;WakxJc:KMpyYe;X6zUkd:u0z0vd;XSYl9e:GNVVIb;YBlgBf:LMo5Id;YFiZsd:TlQJXd;YIZmRd:A1yn5d;YU9uyb:GBHoTc;Ycdno:b643vd;YfZO5c:CVuqWd;Z8AODd:ihbx2;ZE1Tgd:rNScwd;ZT1aHd:g7FNPe;ZjyI3e:W2v6fc;a56pNe:JEfCwb;aPdIxb:ZqIv2d;bS8oAe:Kimhwf;brg6Gd:TlvL3b;cEt90b:ws9Tlc;cFl0Ie:PWJipc;cJj1Kd:A5k23d;cgbTHc:G8ycZ;d91XDb:tjhtsb;dDPGef:kDKsbe;dIoSBb:SpsfSb;dJVrcf:fmvkof;dYFttf:ZRxAzc;db2rie:oc9Zo;dowIGb:ebZ3mb;eBAeSb:zbML3c;eWFXjf:WUUEg;esl3oe:Qz2vJf;fh9ycc:gHNvKb;g2wfV:DcDVld;hgud7d:GNh0Qc;hoquJe:EjBUIf;hqnwXb:h3KkD;iFQyKf:QIhFr;isrdHb:g76ZJb;jRrT5d:EHUI2d;jtBjNe:dWHZee;kAY4yb:mo91qb;kMsbmb:F36Cxf;kNqx7b:gzp7wb;kqpyR:qIJF2;l4RAwd:h5Fnie;l6twR:Fvyyad;lOO0Vd:OTA3Ae;lmfio:XdVMLb;m4bwx:htQxyf;nhTMMb:Dye5ne;oFd48c:l7VM1e;oGtAuc:sOXFj;oJejCf:u1kdYb;oVMxO:oroUaf;p0iB4:VQhtq;pXdRYb:MdUzUe;pb7frb:frmWbd;qQEoOc:KUM7Z;qSBODf:H8X5pc;qafBPd:yDVVkb;qddgKe:xQtZb;qgOdad:UbCE6c;rFz9ic:XIElh;rRTjcf:qg38Pd;rWx8Cc:oJTSrd;rarsed:Mb2qyd;sgnAWd:HkSoT;ssiZFc:BhQ85d;wNp4Gc:k56rsf;wR5FRb:O1Gjze;x2i2de:zeWni;xbOSgd:e5G55;xqZiqf:wmnU7d;ye9FMd:KC9GA;yxTchf:KUM7Z;zBvUNc:fT8Mbb;zJxI2:kxz7Nb;zxnPse:GkRiKb/dti=1/m=ws9Tlc,O6y8ed,aW3pY,GkRiKb,e5qFLc,IZT63,YYmHzb,pw70Gc,n73qwf,UUJqVe,KUM7Z,O1Gjze,xUdipf,ZDZcre,OTA3Ae,ZwDk9d,RyvaUb,mI3LFb,XU5LFb,m9oV,hl,P6sQOc,QcfBve,qTnoBf,mzzZzc,rCcCxc,mSX26d,evLPce,WO9ee,JGjVRe,sUf34,RRz14e,UUpPP,en2VH,YStpld,kRDR8c,DALazd,sszRX,FU117c,QQnX0,u8imKc,PrPYRd,MpJwZc,NwH0H,V3dDOb,lazG7b,Ivl8bd,g9HNd,XVMNvd,Fl2dbf,QIhFr,xQtZb,lwddkf,gychg,w9hDv,RMhBfe,gJzDyc,SdcwHb,texUgd,uCiDbf,EFQ78c,Ulmmrd,A7fCU,mdR7q,lfpdyf,wmnU7d,FSOnAf,hc6Ubd,JNoxi,MI6k7c,kjKdXe,BVgquf,SpsfSb,hKSk3e,Z5uLle,MdUzUe,zbML3c,zr1jrb,Uas9Hd,pjICDe?wli=MeetingsUi.V9oXIQCnLmU.loadAudioAnalyzer.O%3A%3BMeetingsUi.YIhIGrC_dD8.loadAudioEncoder.O%3A%3BMeetingsUi.NW19RCr9Mo0.loadNetEqSabWrapper.O%3A%3BMeetingsUi.uuzP_RX65Sk.loadNetEqWrapper.O%3A%3B (8344)
[0415/184015.611:INFO:CONSOLE:8344] "Uncaught (in promise) ConnectError: startupCode: 200, error = {
  statusCode = 403
  status = {
    Zl = {
      0 = 7
      1 = "The caller does not have permission"
      closure_uid_273605205 = 11
    }
    closure_uid_273605205 = 10
    Ic = "v3Bbmc"
  }
  extraData = {
    OSb = 39
    wsc = undefined
    closure_uid_273605205 = 12
  }
  name = "GrpcErrorResponse"
  headers = {
    alt-svc = "h3=":443"; ma=2592000,h3-29=":443"; ma=2592000"
    content-encoding = "gzip"
    content-length = "59"
    content-type = "application/x-protobuf"
    date = "Wed, 15 Apr 2026 13:10:15 GMT"
    server = "ESF"
    vary = "Origin, X-Origin, Referer"
    x-content-type-options = "nosniff"
    x-frame-options = "SAMEORIGIN"
    x-l2-request-path = "l2-managed-9"
    x-xss-protection = "0"
    closure_uid_273605205 = 13
  }
  closure_uid_273605205 = 9
}", source: https://meet.google.com/_/scs/mss-static/_/js/k=boq-rtc.MeetingsUi.en_US.H_R4dpdy3uQ.2020.O/ck=boq-rtc.MeetingsUi.cfULIBr4sKI.L.B1.O/am=AAAAwDAAAAAAACAAAAAAAIBABAAAAAiEQQAAQAAAAQIBAAAAAAIAAAAAAAAAAAAAQAZgABgAAQ/d=1/exm=LEikZe,_b,_tp,byfTOb,lsjVmc/excm=_b,_tp,calldesktoppageview/ed=1/br=1/wt=2/ujg=1/rs=AL5CKSEUG8MJxn6zzFl9FNEJCY8Snva9_A/ee=Arv56d:UdO36;BK4xnc:aLbsjd;BjCzpe:Yvr34d;Bnf5Lc:iPDrZd;CMRktf:ZW5KY;DGWCxb:CgYiQ;E1tgbf:hMxPK;EAoUvb:aKikzb;EVNhjf:pw70Gc;EfKZq:QO2YB;EmZ2Bf:zr1jrb;Eznmmf:ZBQqM;GKUnZb:cVkoff;GmdGTd:Ct4wsb;Gxyndb:RXav6b;I3DTKc:LTQfve;IXc14:eHmsLe;J9XQCb:QxciMb;JDjXcd:Qd339;JLGZx:oSnDHf;JRbXs:rXZ2Bc;JsINff:j38I5b;JsbNhc:Xd8iUd;JyyiTe:lFKLaf;K5nYTd:ZDZcre;KKym4b:wA3hpc;KNpT6b:iSCite;KgXQpf:pQJdrb;LBgRLc:SdcwHb;LQJKcd:WuS5Ye;MJ6mxb:ubdYZ;Me32dd:MEeYgc;N8ehxe:Kbg7A;NJ1rfe:qTnoBf;NPKaK:SdcwHb;NSEoX:lazG7b;OOoYAb:Oj9pPe;Oljzec:hapS2c;PKzJzb:dnkez;PRDQhf:ux3mLc;PgXDBd:dm1dhc;Pjplud:EEDORb;QGR0gd:Mlhmy;QhhnXd:UqJYYe;QhvHX:NQ1Nve;RRwdt:gGRuRe;RYWUUc:anescc;Rh5nIc:JScXmc;SIjcAd:jrKD8b;SL22ab:CBRamd;SNUn3:ZwDk9d;SVOR2e:RqS4qe;SVvzme:BPB8ib;ScI3Yc:e7Hzgb;TB8xhd:AGa58c;TQJGG:MMwcGd;UBVe9b:LmGNqf;ULs67c:bdUBJc;USPTDe:samWqd;Up9aO:kY43Sc;Uvc8o:VDovNc;V7j7Sb:stsTjb;VJwZIe:q5U1uf;WVUuUe:uxYODe;WakxJc:KMpyYe;X6zUkd:u0z0vd;XSYl9e:GNVVIb;YBlgBf:LMo5Id;YFiZsd:TlQJXd;YIZmRd:A1yn5d;YU9uyb:GBHoTc;Ycdno:b643vd;YfZO5c:CVuqWd;Z8AODd:ihbx2;ZE1Tgd:rNScwd;ZT1aHd:g7FNPe;ZjyI3e:W2v6fc;a56pNe:JEfCwb;aPdIxb:ZqIv2d;bS8oAe:Kimhwf;brg6Gd:TlvL3b;cEt90b:ws9Tlc;cFl0Ie:PWJipc;cJj1Kd:A5k23d;cgbTHc:G8ycZ;d91XDb:tjhtsb;dDPGef:kDKsbe;dIoSBb:SpsfSb;dJVrcf:fmvkof;dYFttf:ZRxAzc;db2rie:oc9Zo;dowIGb:ebZ3mb;eBAeSb:zbML3c;eWFXjf:WUUEg;esl3oe:Qz2vJf;fh9ycc:gHNvKb;g2wfV:DcDVld;hgud7d:GNh0Qc;hoquJe:EjBUIf;hqnwXb:h3KkD;iFQyKf:QIhFr;isrdHb:g76ZJb;jRrT5d:EHUI2d;jtBjNe:dWHZee;kAY4yb:mo91qb;kMsbmb:F36Cxf;kNqx7b:gzp7wb;kqpyR:qIJF2;l4RAwd:h5Fnie;l6twR:Fvyyad;lOO0Vd:OTA3Ae;lmfio:XdVMLb;m4bwx:htQxyf;nhTMMb:Dye5ne;oFd48c:l7VM1e;oGtAuc:sOXFj;oJejCf:u1kdYb;oVMxO:oroUaf;p0iB4:VQhtq;pXdRYb:MdUzUe;pb7frb:frmWbd;qQEoOc:KUM7Z;qSBODf:H8X5pc;qafBPd:yDVVkb;qddgKe:xQtZb;qgOdad:UbCE6c;rFz9ic:XIElh;rRTjcf:qg38Pd;rWx8Cc:oJTSrd;rarsed:Mb2qyd;sgnAWd:HkSoT;ssiZFc:BhQ85d;wNp4Gc:k56rsf;wR5FRb:O1Gjze;x2i2de:zeWni;xbOSgd:e5G55;xqZiqf:wmnU7d;ye9FMd:KC9GA;yxTchf:KUM7Z;zBvUNc:fT8Mbb;zJxI2:kxz7Nb;zxnPse:GkRiKb/dti=1/m=ws9Tlc,O6y8ed,aW3pY,GkRiKb,e5qFLc,IZT63,YYmHzb,pw70Gc,n73qwf,UUJqVe,KUM7Z,O1Gjze,xUdipf,ZDZcre,OTA3Ae,ZwDk9d,RyvaUb,mI3LFb,XU5LFb,m9oV,hl,P6sQOc,QcfBve,qTnoBf,mzzZzc,rCcCxc,mSX26d,evLPce,WO9ee,JGjVRe,sUf34,RRz14e,UUpPP,en2VH,YStpld,kRDR8c,DALazd,sszRX,FU117c,QQnX0,u8imKc,PrPYRd,MpJwZc,NwH0H,V3dDOb,lazG7b,Ivl8bd,g9HNd,XVMNvd,Fl2dbf,QIhFr,xQtZb,lwddkf,gychg,w9hDv,RMhBfe,gJzDyc,SdcwHb,texUgd,uCiDbf,EFQ78c,Ulmmrd,A7fCU,mdR7q,lfpdyf,wmnU7d,FSOnAf,hc6Ubd,JNoxi,MI6k7c,kjKdXe,BVgquf,SpsfSb,hKSk3e,Z5uLle,MdUzUe,zbML3c,zr1jrb,Uas9Hd,pjICDe?wli=MeetingsUi.V9oXIQCnLmU.loadAudioAnalyzer.O%3A%3BMeetingsUi.YIhIGrC_dD8.loadAudioEncoder.O%3A%3BMeetingsUi.NW19RCr9Mo0.loadNetEqSabWrapper.O%3A%3BMeetingsUi.uuzP_RX65Sk.loadNetEqWrapper.O%3A%3B (8344)
[0415/184015.612:INFO:CONSOLE:7621] "Uncaught (in promise) CustomError: Mg", source: https://meet.google.com/_/scs/mss-static/_/js/k=boq-rtc.MeetingsUi.en_US.H_R4dpdy3uQ.2020.O/ck=boq-rtc.MeetingsUi.cfULIBr4sKI.L.B1.O/am=AAAAwDAAAAAAACAAAAAAAIBABAAAAAiEQQAAQAAAAQIBAAAAAAIAAAAAAAAAAAAAQAZgABgAAQ/d=1/exm=LEikZe,_b,_tp,byfTOb,lsjVmc/excm=_b,_tp,calldesktoppageview/ed=1/br=1/wt=2/ujg=1/rs=AL5CKSEUG8MJxn6zzFl9FNEJCY8Snva9_A/ee=Arv56d:UdO36;BK4xnc:aLbsjd;BjCzpe:Yvr34d;Bnf5Lc:iPDrZd;CMRktf:ZW5KY;DGWCxb:CgYiQ;E1tgbf:hMxPK;EAoUvb:aKikzb;EVNhjf:pw70Gc;EfKZq:QO2YB;EmZ2Bf:zr1jrb;Eznmmf:ZBQqM;GKUnZb:cVkoff;GmdGTd:Ct4wsb;Gxyndb:RXav6b;I3DTKc:LTQfve;IXc14:eHmsLe;J9XQCb:QxciMb;JDjXcd:Qd339;JLGZx:oSnDHf;JRbXs:rXZ2Bc;JsINff:j38I5b;JsbNhc:Xd8iUd;JyyiTe:lFKLaf;K5nYTd:ZDZcre;KKym4b:wA3hpc;KNpT6b:iSCite;KgXQpf:pQJdrb;LBgRLc:SdcwHb;LQJKcd:WuS5Ye;MJ6mxb:ubdYZ;Me32dd:MEeYgc;N8ehxe:Kbg7A;NJ1rfe:qTnoBf;NPKaK:SdcwHb;NSEoX:lazG7b;OOoYAb:Oj9pPe;Oljzec:hapS2c;PKzJzb:dnkez;PRDQhf:ux3mLc;PgXDBd:dm1dhc;Pjplud:EEDORb;QGR0gd:Mlhmy;QhhnXd:UqJYYe;QhvHX:NQ1Nve;RRwdt:gGRuRe;RYWUUc:anescc;Rh5nIc:JScXmc;SIjcAd:jrKD8b;SL22ab:CBRamd;SNUn3:ZwDk9d;SVOR2e:RqS4qe;SVvzme:BPB8ib;ScI3Yc:e7Hzgb;TB8xhd:AGa58c;TQJGG:MMwcGd;UBVe9b:LmGNqf;ULs67c:bdUBJc;USPTDe:samWqd;Up9aO:kY43Sc;Uvc8o:VDovNc;V7j7Sb:stsTjb;VJwZIe:q5U1uf;WVUuUe:uxYODe;WakxJc:KMpyYe;X6zUkd:u0z0vd;XSYl9e:GNVVIb;YBlgBf:LMo5Id;YFiZsd:TlQJXd;YIZmRd:A1yn5d;YU9uyb:GBHoTc;Ycdno:b643vd;YfZO5c:CVuqWd;Z8AODd:ihbx2;ZE1Tgd:rNScwd;ZT1aHd:g7FNPe;ZjyI3e:W2v6fc;a56pNe:JEfCwb;aPdIxb:ZqIv2d;bS8oAe:Kimhwf;brg6Gd:TlvL3b;cEt90b:ws9Tlc;cFl0Ie:PWJipc;cJj1Kd:A5k23d;cgbTHc:G8ycZ;d91XDb:tjhtsb;dDPGef:kDKsbe;dIoSBb:SpsfSb;dJVrcf:fmvkof;dYFttf:ZRxAzc;db2rie:oc9Zo;dowIGb:ebZ3mb;eBAeSb:zbML3c;eWFXjf:WUUEg;esl3oe:Qz2vJf;fh9ycc:gHNvKb;g2wfV:DcDVld;hgud7d:GNh0Qc;hoquJe:EjBUIf;hqnwXb:h3KkD;iFQyKf:QIhFr;isrdHb:g76ZJb;jRrT5d:EHUI2d;jtBjNe:dWHZee;kAY4yb:mo91qb;kMsbmb:F36Cxf;kNqx7b:gzp7wb;kqpyR:qIJF2;l4RAwd:h5Fnie;l6twR:Fvyyad;lOO0Vd:OTA3Ae;lmfio:XdVMLb;m4bwx:htQxyf;nhTMMb:Dye5ne;oFd48c:l7VM1e;oGtAuc:sOXFj;oJejCf:u1kdYb;oVMxO:oroUaf;p0iB4:VQhtq;pXdRYb:MdUzUe;pb7frb:frmWbd;qQEoOc:KUM7Z;qSBODf:H8X5pc;qafBPd:yDVVkb;qddgKe:xQtZb;qgOdad:UbCE6c;rFz9ic:XIElh;rRTjcf:qg38Pd;rWx8Cc:oJTSrd;rarsed:Mb2qyd;sgnAWd:HkSoT;ssiZFc:BhQ85d;wNp4Gc:k56rsf;wR5FRb:O1Gjze;x2i2de:zeWni;xbOSgd:e5G55;xqZiqf:wmnU7d;ye9FMd:KC9GA;yxTchf:KUM7Z;zBvUNc:fT8Mbb;zJxI2:kxz7Nb;zxnPse:GkRiKb/dti=1/m=ws9Tlc,O6y8ed,aW3pY,GkRiKb,e5qFLc,IZT63,YYmHzb,pw70Gc,n73qwf,UUJqVe,KUM7Z,O1Gjze,xUdipf,ZDZcre,OTA3Ae,ZwDk9d,RyvaUb,mI3LFb,XU5LFb,m9oV,hl,P6sQOc,QcfBve,qTnoBf,mzzZzc,rCcCxc,mSX26d,evLPce,WO9ee,JGjVRe,sUf34,RRz14e,UUpPP,en2VH,YStpld,kRDR8c,DALazd,sszRX,FU117c,QQnX0,u8imKc,PrPYRd,MpJwZc,NwH0H,V3dDOb,lazG7b,Ivl8bd,g9HNd,XVMNvd,Fl2dbf,QIhFr,xQtZb,lwddkf,gychg,w9hDv,RMhBfe,gJzDyc,SdcwHb,texUgd,uCiDbf,EFQ78c,Ulmmrd,A7fCU,mdR7q,lfpdyf,wmnU7d,FSOnAf,hc6Ubd,JNoxi,MI6k7c,kjKdXe,BVgquf,SpsfSb,hKSk3e,Z5uLle,MdUzUe,zbML3c,zr1jrb,Uas9Hd,pjICDe?wli=MeetingsUi.V9oXIQCnLmU.loadAudioAnalyzer.O%3A%3BMeetingsUi.YIhIGrC_dD8.loadAudioEncoder.O%3A%3BMeetingsUi.NW19RCr9Mo0.loadNetEqSabWrapper.O%3A%3BMeetingsUi.uuzP_RX65Sk.loadNetEqWrapper.O%3A%3B (7621)
[0415/184015.612:INFO:CONSOLE:8722] "Uncaught (in promise) DisconnectedError: DisconnectedError, EndCause = 72, StartupCode = 219", source: https://meet.google.com/_/scs/mss-static/_/js/k=boq-rtc.MeetingsUi.en_US.H_R4dpdy3uQ.2020.O/ck=boq-rtc.MeetingsUi.cfULIBr4sKI.L.B1.O/am=AAAAwDAAAAAAACAAAAAAAIBABAAAAAiEQQAAQAAAAQIBAAAAAAIAAAAAAAAAAAAAQAZgABgAAQ/d=1/exm=LEikZe,_b,_tp,byfTOb,lsjVmc/excm=_b,_tp,calldesktoppageview/ed=1/br=1/wt=2/ujg=1/rs=AL5CKSEUG8MJxn6zzFl9FNEJCY8Snva9_A/ee=Arv56d:UdO36;BK4xnc:aLbsjd;BjCzpe:Yvr34d;Bnf5Lc:iPDrZd;CMRktf:ZW5KY;DGWCxb:CgYiQ;E1tgbf:hMxPK;EAoUvb:aKikzb;EVNhjf:pw70Gc;EfKZq:QO2YB;EmZ2Bf:zr1jrb;Eznmmf:ZBQqM;GKUnZb:cVkoff;GmdGTd:Ct4wsb;Gxyndb:RXav6b;I3DTKc:LTQfve;IXc14:eHmsLe;J9XQCb:QxciMb;JDjXcd:Qd339;JLGZx:oSnDHf;JRbXs:rXZ2Bc;JsINff:j38I5b;JsbNhc:Xd8iUd;JyyiTe:lFKLaf;K5nYTd:ZDZcre;KKym4b:wA3hpc;KNpT6b:iSCite;KgXQpf:pQJdrb;LBgRLc:SdcwHb;LQJKcd:WuS5Ye;MJ6mxb:ubdYZ;Me32dd:MEeYgc;N8ehxe:Kbg7A;NJ1rfe:qTnoBf;NPKaK:SdcwHb;NSEoX:lazG7b;OOoYAb:Oj9pPe;Oljzec:hapS2c;PKzJzb:dnkez;PRDQhf:ux3mLc;PgXDBd:dm1dhc;Pjplud:EEDORb;QGR0gd:Mlhmy;QhhnXd:UqJYYe;QhvHX:NQ1Nve;RRwdt:gGRuRe;RYWUUc:anescc;Rh5nIc:JScXmc;SIjcAd:jrKD8b;SL22ab:CBRamd;SNUn3:ZwDk9d;SVOR2e:RqS4qe;SVvzme:BPB8ib;ScI3Yc:e7Hzgb;TB8xhd:AGa58c;TQJGG:MMwcGd;UBVe9b:LmGNqf;ULs67c:bdUBJc;USPTDe:samWqd;Up9aO:kY43Sc;Uvc8o:VDovNc;V7j7Sb:stsTjb;VJwZIe:q5U1uf;WVUuUe:uxYODe;WakxJc:KMpyYe;X6zUkd:u0z0vd;XSYl9e:GNVVIb;YBlgBf:LMo5Id;YFiZsd:TlQJXd;YIZmRd:A1yn5d;YU9uyb:GBHoTc;Ycdno:b643vd;YfZO5c:CVuqWd;Z8AODd:ihbx2;ZE1Tgd:rNScwd;ZT1aHd:g7FNPe;ZjyI3e:W2v6fc;a56pNe:JEfCwb;aPdIxb:ZqIv2d;bS8oAe:Kimhwf;brg6Gd:TlvL3b;cEt90b:ws9Tlc;cFl0Ie:PWJipc;cJj1Kd:A5k23d;cgbTHc:G8ycZ;d91XDb:tjhtsb;dDPGef:kDKsbe;dIoSBb:SpsfSb;dJVrcf:fmvkof;dYFttf:ZRxAzc;db2rie:oc9Zo;dowIGb:ebZ3mb;eBAeSb:zbML3c;eWFXjf:WUUEg;esl3oe:Qz2vJf;fh9ycc:gHNvKb;g2wfV:DcDVld;hgud7d:GNh0Qc;hoquJe:EjBUIf;hqnwXb:h3KkD;iFQyKf:QIhFr;isrdHb:g76ZJb;jRrT5d:EHUI2d;jtBjNe:dWHZee;kAY4yb:mo91qb;kMsbmb:F36Cxf;kNqx7b:gzp7wb;kqpyR:qIJF2;l4RAwd:h5Fnie;l6twR:Fvyyad;lOO0Vd:OTA3Ae;lmfio:XdVMLb;m4bwx:htQxyf;nhTMMb:Dye5ne;oFd48c:l7VM1e;oGtAuc:sOXFj;oJejCf:u1kdYb;oVMxO:oroUaf;p0iB4:VQhtq;pXdRYb:MdUzUe;pb7frb:frmWbd;qQEoOc:KUM7Z;qSBODf:H8X5pc;qafBPd:yDVVkb;qddgKe:xQtZb;qgOdad:UbCE6c;rFz9ic:XIElh;rRTjcf:qg38Pd;rWx8Cc:oJTSrd;rarsed:Mb2qyd;sgnAWd:HkSoT;ssiZFc:BhQ85d;wNp4Gc:k56rsf;wR5FRb:O1Gjze;x2i2de:zeWni;xbOSgd:e5G55;xqZiqf:wmnU7d;ye9FMd:KC9GA;yxTchf:KUM7Z;zBvUNc:fT8Mbb;zJxI2:kxz7Nb;zxnPse:GkRiKb/dti=1/m=ws9Tlc,O6y8ed,aW3pY,GkRiKb,e5qFLc,IZT63,YYmHzb,pw70Gc,n73qwf,UUJqVe,KUM7Z,O1Gjze,xUdipf,ZDZcre,OTA3Ae,ZwDk9d,RyvaUb,mI3LFb,XU5LFb,m9oV,hl,P6sQOc,QcfBve,qTnoBf,mzzZzc,rCcCxc,mSX26d,evLPce,WO9ee,JGjVRe,sUf34,RRz14e,UUpPP,en2VH,YStpld,kRDR8c,DALazd,sszRX,FU117c,QQnX0,u8imKc,PrPYRd,MpJwZc,NwH0H,V3dDOb,lazG7b,Ivl8bd,g9HNd,XVMNvd,Fl2dbf,QIhFr,xQtZb,lwddkf,gychg,w9hDv,RMhBfe,gJzDyc,SdcwHb,texUgd,uCiDbf,EFQ78c,Ulmmrd,A7fCU,mdR7q,lfpdyf,wmnU7d,FSOnAf,hc6Ubd,JNoxi,MI6k7c,kjKdXe,BVgquf,SpsfSb,hKSk3e,Z5uLle,MdUzUe,zbML3c,zr1jrb,Uas9Hd,pjICDe?wli=MeetingsUi.V9oXIQCnLmU.loadAudioAnalyzer.O%3A%3BMeetingsUi.YIhIGrC_dD8.loadAudioEncoder.O%3A%3BMeetingsUi.NW19RCr9Mo0.loadNetEqSabWrapper.O%3A%3BMeetingsUi.uuzP_RX65Sk.loadNetEqWrapper.O%3A%3B (8722)
[0415/184015.612:INFO:CONSOLE:8722] "Uncaught (in promise) DisconnectedError: DisconnectedError, EndCause = 72, StartupCode = 219", source: https://meet.google.com/_/scs/mss-static/_/js/k=boq-rtc.MeetingsUi.en_US.H_R4dpdy3uQ.2020.O/ck=boq-rtc.MeetingsUi.cfULIBr4sKI.L.B1.O/am=AAAAwDAAAAAAACAAAAAAAIBABAAAAAiEQQAAQAAAAQIBAAAAAAIAAAAAAAAAAAAAQAZgABgAAQ/d=1/exm=LEikZe,_b,_tp,byfTOb,lsjVmc/excm=_b,_tp,calldesktoppageview/ed=1/br=1/wt=2/ujg=1/rs=AL5CKSEUG8MJxn6zzFl9FNEJCY8Snva9_A/ee=Arv56d:UdO36;BK4xnc:aLbsjd;BjCzpe:Yvr34d;Bnf5Lc:iPDrZd;CMRktf:ZW5KY;DGWCxb:CgYiQ;E1tgbf:hMxPK;EAoUvb:aKikzb;EVNhjf:pw70Gc;EfKZq:QO2YB;EmZ2Bf:zr1jrb;Eznmmf:ZBQqM;GKUnZb:cVkoff;GmdGTd:Ct4wsb;Gxyndb:RXav6b;I3DTKc:LTQfve;IXc14:eHmsLe;J9XQCb:QxciMb;JDjXcd:Qd339;JLGZx:oSnDHf;JRbXs:rXZ2Bc;JsINff:j38I5b;JsbNhc:Xd8iUd;JyyiTe:lFKLaf;K5nYTd:ZDZcre;KKym4b:wA3hpc;KNpT6b:iSCite;KgXQpf:pQJdrb;LBgRLc:SdcwHb;LQJKcd:WuS5Ye;MJ6mxb:ubdYZ;Me32dd:MEeYgc;N8ehxe:Kbg7A;NJ1rfe:qTnoBf;NPKaK:SdcwHb;NSEoX:lazG7b;OOoYAb:Oj9pPe;Oljzec:hapS2c;PKzJzb:dnkez;PRDQhf:ux3mLc;PgXDBd:dm1dhc;Pjplud:EEDORb;QGR0gd:Mlhmy;QhhnXd:UqJYYe;QhvHX:NQ1Nve;RRwdt:gGRuRe;RYWUUc:anescc;Rh5nIc:JScXmc;SIjcAd:jrKD8b;SL22ab:CBRamd;SNUn3:ZwDk9d;SVOR2e:RqS4qe;SVvzme:BPB8ib;ScI3Yc:e7Hzgb;TB8xhd:AGa58c;TQJGG:MMwcGd;UBVe9b:LmGNqf;ULs67c:bdUBJc;USPTDe:samWqd;Up9aO:kY43Sc;Uvc8o:VDovNc;V7j7Sb:stsTjb;VJwZIe:q5U1uf;WVUuUe:uxYODe;WakxJc:KMpyYe;X6zUkd:u0z0vd;XSYl9e:GNVVIb;YBlgBf:LMo5Id;YFiZsd:TlQJXd;YIZmRd:A1yn5d;YU9uyb:GBHoTc;Ycdno:b643vd;YfZO5c:CVuqWd;Z8AODd:ihbx2;ZE1Tgd:rNScwd;ZT1aHd:g7FNPe;ZjyI3e:W2v6fc;a56pNe:JEfCwb;aPdIxb:ZqIv2d;bS8oAe:Kimhwf;brg6Gd:TlvL3b;cEt90b:ws9Tlc;cFl0Ie:PWJipc;cJj1Kd:A5k23d;cgbTHc:G8ycZ;d91XDb:tjhtsb;dDPGef:kDKsbe;dIoSBb:SpsfSb;dJVrcf:fmvkof;dYFttf:ZRxAzc;db2rie:oc9Zo;dowIGb:ebZ3mb;eBAeSb:zbML3c;eWFXjf:WUUEg;esl3oe:Qz2vJf;fh9ycc:gHNvKb;g2wfV:DcDVld;hgud7d:GNh0Qc;hoquJe:EjBUIf;hqnwXb:h3KkD;iFQyKf:QIhFr;isrdHb:g76ZJb;jRrT5d:EHUI2d;jtBjNe:dWHZee;kAY4yb:mo91qb;kMsbmb:F36Cxf;kNqx7b:gzp7wb;kqpyR:qIJF2;l4RAwd:h5Fnie;l6twR:Fvyyad;lOO0Vd:OTA3Ae;lmfio:XdVMLb;m4bwx:htQxyf;nhTMMb:Dye5ne;oFd48c:l7VM1e;oGtAuc:sOXFj;oJejCf:u1kdYb;oVMxO:oroUaf;p0iB4:VQhtq;pXdRYb:MdUzUe;pb7frb:frmWbd;qQEoOc:KUM7Z;qSBODf:H8X5pc;qafBPd:yDVVkb;qddgKe:xQtZb;qgOdad:UbCE6c;rFz9ic:XIElh;rRTjcf:qg38Pd;rWx8Cc:oJTSrd;rarsed:Mb2qyd;sgnAWd:HkSoT;ssiZFc:BhQ85d;wNp4Gc:k56rsf;wR5FRb:O1Gjze;x2i2de:zeWni;xbOSgd:e5G55;xqZiqf:wmnU7d;ye9FMd:KC9GA;yxTchf:KUM7Z;zBvUNc:fT8Mbb;zJxI2:kxz7Nb;zxnPse:GkRiKb/dti=1/m=ws9Tlc,O6y8ed,aW3pY,GkRiKb,e5qFLc,IZT63,YYmHzb,pw70Gc,n73qwf,UUJqVe,KUM7Z,O1Gjze,xUdipf,ZDZcre,OTA3Ae,ZwDk9d,RyvaUb,mI3LFb,XU5LFb,m9oV,hl,P6sQOc,QcfBve,qTnoBf,mzzZzc,rCcCxc,mSX26d,evLPce,WO9ee,JGjVRe,sUf34,RRz14e,UUpPP,en2VH,YStpld,kRDR8c,DALazd,sszRX,FU117c,QQnX0,u8imKc,PrPYRd,MpJwZc,NwH0H,V3dDOb,lazG7b,Ivl8bd,g9HNd,XVMNvd,Fl2dbf,QIhFr,xQtZb,lwddkf,gychg,w9hDv,RMhBfe,gJzDyc,SdcwHb,texUgd,uCiDbf,EFQ78c,Ulmmrd,A7fCU,mdR7q,lfpdyf,wmnU7d,FSOnAf,hc6Ubd,JNoxi,MI6k7c,kjKdXe,BVgquf,SpsfSb,hKSk3e,Z5uLle,MdUzUe,zbML3c,zr1jrb,Uas9Hd,pjICDe?wli=MeetingsUi.V9oXIQCnLmU.loadAudioAnalyzer.O%3A%3BMeetingsUi.YIhIGrC_dD8.loadAudioEncoder.O%3A%3BMeetingsUi.NW19RCr9Mo0.loadNetEqSabWrapper.O%3A%3BMeetingsUi.uuzP_RX65Sk.loadNetEqWrapper.O%3A%3B (8722)
[0415/184015.613:INFO:CONSOLE:8722] "Uncaught (in promise) DisconnectedError: DisconnectedError, EndCause = 72, StartupCode = 219", source: https://meet.google.com/_/scs/mss-static/_/js/k=boq-rtc.MeetingsUi.en_US.H_R4dpdy3uQ.2020.O/ck=boq-rtc.MeetingsUi.cfULIBr4sKI.L.B1.O/am=AAAAwDAAAAAAACAAAAAAAIBABAAAAAiEQQAAQAAAAQIBAAAAAAIAAAAAAAAAAAAAQAZgABgAAQ/d=1/exm=LEikZe,_b,_tp,byfTOb,lsjVmc/excm=_b,_tp,calldesktoppageview/ed=1/br=1/wt=2/ujg=1/rs=AL5CKSEUG8MJxn6zzFl9FNEJCY8Snva9_A/ee=Arv56d:UdO36;BK4xnc:aLbsjd;BjCzpe:Yvr34d;Bnf5Lc:iPDrZd;CMRktf:ZW5KY;DGWCxb:CgYiQ;E1tgbf:hMxPK;EAoUvb:aKikzb;EVNhjf:pw70Gc;EfKZq:QO2YB;EmZ2Bf:zr1jrb;Eznmmf:ZBQqM;GKUnZb:cVkoff;GmdGTd:Ct4wsb;Gxyndb:RXav6b;I3DTKc:LTQfve;IXc14:eHmsLe;J9XQCb:QxciMb;JDjXcd:Qd339;JLGZx:oSnDHf;JRbXs:rXZ2Bc;JsINff:j38I5b;JsbNhc:Xd8iUd;JyyiTe:lFKLaf;K5nYTd:ZDZcre;KKym4b:wA3hpc;KNpT6b:iSCite;KgXQpf:pQJdrb;LBgRLc:SdcwHb;LQJKcd:WuS5Ye;MJ6mxb:ubdYZ;Me32dd:MEeYgc;N8ehxe:Kbg7A;NJ1rfe:qTnoBf;NPKaK:SdcwHb;NSEoX:lazG7b;OOoYAb:Oj9pPe;Oljzec:hapS2c;PKzJzb:dnkez;PRDQhf:ux3mLc;PgXDBd:dm1dhc;Pjplud:EEDORb;QGR0gd:Mlhmy;QhhnXd:UqJYYe;QhvHX:NQ1Nve;RRwdt:gGRuRe;RYWUUc:anescc;Rh5nIc:JScXmc;SIjcAd:jrKD8b;SL22ab:CBRamd;SNUn3:ZwDk9d;SVOR2e:RqS4qe;SVvzme:BPB8ib;ScI3Yc:e7Hzgb;TB8xhd:AGa58c;TQJGG:MMwcGd;UBVe9b:LmGNqf;ULs67c:bdUBJc;USPTDe:samWqd;Up9aO:kY43Sc;Uvc8o:VDovNc;V7j7Sb:stsTjb;VJwZIe:q5U1uf;WVUuUe:uxYODe;WakxJc:KMpyYe;X6zUkd:u0z0vd;XSYl9e:GNVVIb;YBlgBf:LMo5Id;YFiZsd:TlQJXd;YIZmRd:A1yn5d;YU9uyb:GBHoTc;Ycdno:b643vd;YfZO5c:CVuqWd;Z8AODd:ihbx2;ZE1Tgd:rNScwd;ZT1aHd:g7FNPe;ZjyI3e:W2v6fc;a56pNe:JEfCwb;aPdIxb:ZqIv2d;bS8oAe:Kimhwf;brg6Gd:TlvL3b;cEt90b:ws9Tlc;cFl0Ie:PWJipc;cJj1Kd:A5k23d;cgbTHc:G8ycZ;d91XDb:tjhtsb;dDPGef:kDKsbe;dIoSBb:SpsfSb;dJVrcf:fmvkof;dYFttf:ZRxAzc;db2rie:oc9Zo;dowIGb:ebZ3mb;eBAeSb:zbML3c;eWFXjf:WUUEg;esl3oe:Qz2vJf;fh9ycc:gHNvKb;g2wfV:DcDVld;hgud7d:GNh0Qc;hoquJe:EjBUIf;hqnwXb:h3KkD;iFQyKf:QIhFr;isrdHb:g76ZJb;jRrT5d:EHUI2d;jtBjNe:dWHZee;kAY4yb:mo91qb;kMsbmb:F36Cxf;kNqx7b:gzp7wb;kqpyR:qIJF2;l4RAwd:h5Fnie;l6twR:Fvyyad;lOO0Vd:OTA3Ae;lmfio:XdVMLb;m4bwx:htQxyf;nhTMMb:Dye5ne;oFd48c:l7VM1e;oGtAuc:sOXFj;oJejCf:u1kdYb;oVMxO:oroUaf;p0iB4:VQhtq;pXdRYb:MdUzUe;pb7frb:frmWbd;qQEoOc:KUM7Z;qSBODf:H8X5pc;qafBPd:yDVVkb;qddgKe:xQtZb;qgOdad:UbCE6c;rFz9ic:XIElh;rRTjcf:qg38Pd;rWx8Cc:oJTSrd;rarsed:Mb2qyd;sgnAWd:HkSoT;ssiZFc:BhQ85d;wNp4Gc:k56rsf;wR5FRb:O1Gjze;x2i2de:zeWni;xbOSgd:e5G55;xqZiqf:wmnU7d;ye9FMd:KC9GA;yxTchf:KUM7Z;zBvUNc:fT8Mbb;zJxI2:kxz7Nb;zxnPse:GkRiKb/dti=1/m=ws9Tlc,O6y8ed,aW3pY,GkRiKb,e5qFLc,IZT63,YYmHzb,pw70Gc,n73qwf,UUJqVe,KUM7Z,O1Gjze,xUdipf,ZDZcre,OTA3Ae,ZwDk9d,RyvaUb,mI3LFb,XU5LFb,m9oV,hl,P6sQOc,QcfBve,qTnoBf,mzzZzc,rCcCxc,mSX26d,evLPce,WO9ee,JGjVRe,sUf34,RRz14e,UUpPP,en2VH,YStpld,kRDR8c,DALazd,sszRX,FU117c,QQnX0,u8imKc,PrPYRd,MpJwZc,NwH0H,V3dDOb,lazG7b,Ivl8bd,g9HNd,XVMNvd,Fl2dbf,QIhFr,xQtZb,lwddkf,gychg,w9hDv,RMhBfe,gJzDyc,SdcwHb,texUgd,uCiDbf,EFQ78c,Ulmmrd,A7fCU,mdR7q,lfpdyf,wmnU7d,FSOnAf,hc6Ubd,JNoxi,MI6k7c,kjKdXe,BVgquf,SpsfSb,hKSk3e,Z5uLle,MdUzUe,zbML3c,zr1jrb,Uas9Hd,pjICDe?wli=MeetingsUi.V9oXIQCnLmU.loadAudioAnalyzer.O%3A%3BMeetingsUi.YIhIGrC_dD8.loadAudioEncoder.O%3A%3BMeetingsUi.NW19RCr9Mo0.loadNetEqSabWrapper.O%3A%3BMeetingsUi.uuzP_RX65Sk.loadNetEqWrapper.O%3A%3B (8722)
[0415/184015.613:INFO:CONSOLE:8722] "Uncaught (in promise) DisconnectedError: DisconnectedError, EndCause = 72, StartupCode = 219", source: https://meet.google.com/_/scs/mss-static/_/js/k=boq-rtc.MeetingsUi.en_US.H_R4dpdy3uQ.2020.O/ck=boq-rtc.MeetingsUi.cfULIBr4sKI.L.B1.O/am=AAAAwDAAAAAAACAAAAAAAIBABAAAAAiEQQAAQAAAAQIBAAAAAAIAAAAAAAAAAAAAQAZgABgAAQ/d=1/exm=LEikZe,_b,_tp,byfTOb,lsjVmc/excm=_b,_tp,calldesktoppageview/ed=1/br=1/wt=2/ujg=1/rs=AL5CKSEUG8MJxn6zzFl9FNEJCY8Snva9_A/ee=Arv56d:UdO36;BK4xnc:aLbsjd;BjCzpe:Yvr34d;Bnf5Lc:iPDrZd;CMRktf:ZW5KY;DGWCxb:CgYiQ;E1tgbf:hMxPK;EAoUvb:aKikzb;EVNhjf:pw70Gc;EfKZq:QO2YB;EmZ2Bf:zr1jrb;Eznmmf:ZBQqM;GKUnZb:cVkoff;GmdGTd:Ct4wsb;Gxyndb:RXav6b;I3DTKc:LTQfve;IXc14:eHmsLe;J9XQCb:QxciMb;JDjXcd:Qd339;JLGZx:oSnDHf;JRbXs:rXZ2Bc;JsINff:j38I5b;JsbNhc:Xd8iUd;JyyiTe:lFKLaf;K5nYTd:ZDZcre;KKym4b:wA3hpc;KNpT6b:iSCite;KgXQpf:pQJdrb;LBgRLc:SdcwHb;LQJKcd:WuS5Ye;MJ6mxb:ubdYZ;Me32dd:MEeYgc;N8ehxe:Kbg7A;NJ1rfe:qTnoBf;NPKaK:SdcwHb;NSEoX:lazG7b;OOoYAb:Oj9pPe;Oljzec:hapS2c;PKzJzb:dnkez;PRDQhf:ux3mLc;PgXDBd:dm1dhc;Pjplud:EEDORb;QGR0gd:Mlhmy;QhhnXd:UqJYYe;QhvHX:NQ1Nve;RRwdt:gGRuRe;RYWUUc:anescc;Rh5nIc:JScXmc;SIjcAd:jrKD8b;SL22ab:CBRamd;SNUn3:ZwDk9d;SVOR2e:RqS4qe;SVvzme:BPB8ib;ScI3Yc:e7Hzgb;TB8xhd:AGa58c;TQJGG:MMwcGd;UBVe9b:LmGNqf;ULs67c:bdUBJc;USPTDe:samWqd;Up9aO:kY43Sc;Uvc8o:VDovNc;V7j7Sb:stsTjb;VJwZIe:q5U1uf;WVUuUe:uxYODe;WakxJc:KMpyYe;X6zUkd:u0z0vd;XSYl9e:GNVVIb;YBlgBf:LMo5Id;YFiZsd:TlQJXd;YIZmRd:A1yn5d;YU9uyb:GBHoTc;Ycdno:b643vd;YfZO5c:CVuqWd;Z8AODd:ihbx2;ZE1Tgd:rNScwd;ZT1aHd:g7FNPe;ZjyI3e:W2v6fc;a56pNe:JEfCwb;aPdIxb:ZqIv2d;bS8oAe:Kimhwf;brg6Gd:TlvL3b;cEt90b:ws9Tlc;cFl0Ie:PWJipc;cJj1Kd:A5k23d;cgbTHc:G8ycZ;d91XDb:tjhtsb;dDPGef:kDKsbe;dIoSBb:SpsfSb;dJVrcf:fmvkof;dYFttf:ZRxAzc;db2rie:oc9Zo;dowIGb:ebZ3mb;eBAeSb:zbML3c;eWFXjf:WUUEg;esl3oe:Qz2vJf;fh9ycc:gHNvKb;g2wfV:DcDVld;hgud7d:GNh0Qc;hoquJe:EjBUIf;hqnwXb:h3KkD;iFQyKf:QIhFr;isrdHb:g76ZJb;jRrT5d:EHUI2d;jtBjNe:dWHZee;kAY4yb:mo91qb;kMsbmb:F36Cxf;kNqx7b:gzp7wb;kqpyR:qIJF2;l4RAwd:h5Fnie;l6twR:Fvyyad;lOO0Vd:OTA3Ae;lmfio:XdVMLb;m4bwx:htQxyf;nhTMMb:Dye5ne;oFd48c:l7VM1e;oGtAuc:sOXFj;oJejCf:u1kdYb;oVMxO:oroUaf;p0iB4:VQhtq;pXdRYb:MdUzUe;pb7frb:frmWbd;qQEoOc:KUM7Z;qSBODf:H8X5pc;qafBPd:yDVVkb;qddgKe:xQtZb;qgOdad:UbCE6c;rFz9ic:XIElh;rRTjcf:qg38Pd;rWx8Cc:oJTSrd;rarsed:Mb2qyd;sgnAWd:HkSoT;ssiZFc:BhQ85d;wNp4Gc:k56rsf;wR5FRb:O1Gjze;x2i2de:zeWni;xbOSgd:e5G55;xqZiqf:wmnU7d;ye9FMd:KC9GA;yxTchf:KUM7Z;zBvUNc:fT8Mbb;zJxI2:kxz7Nb;zxnPse:GkRiKb/dti=1/m=ws9Tlc,O6y8ed,aW3pY,GkRiKb,e5qFLc,IZT63,YYmHzb,pw70Gc,n73qwf,UUJqVe,KUM7Z,O1Gjze,xUdipf,ZDZcre,OTA3Ae,ZwDk9d,RyvaUb,mI3LFb,XU5LFb,m9oV,hl,P6sQOc,QcfBve,qTnoBf,mzzZzc,rCcCxc,mSX26d,evLPce,WO9ee,JGjVRe,sUf34,RRz14e,UUpPP,en2VH,YStpld,kRDR8c,DALazd,sszRX,FU117c,QQnX0,u8imKc,PrPYRd,MpJwZc,NwH0H,V3dDOb,lazG7b,Ivl8bd,g9HNd,XVMNvd,Fl2dbf,QIhFr,xQtZb,lwddkf,gychg,w9hDv,RMhBfe,gJzDyc,SdcwHb,texUgd,uCiDbf,EFQ78c,Ulmmrd,A7fCU,mdR7q,lfpdyf,wmnU7d,FSOnAf,hc6Ubd,JNoxi,MI6k7c,kjKdXe,BVgquf,SpsfSb,hKSk3e,Z5uLle,MdUzUe,zbML3c,zr1jrb,Uas9Hd,pjICDe?wli=MeetingsUi.V9oXIQCnLmU.loadAudioAnalyzer.O%3A%3BMeetingsUi.YIhIGrC_dD8.loadAudioEncoder.O%3A%3BMeetingsUi.NW19RCr9Mo0.loadNetEqSabWrapper.O%3A%3BMeetingsUi.uuzP_RX65Sk.loadNetEqWrapper.O%3A%3B (8722)
[0415/184015.613:INFO:CONSOLE:358] "Uncaught (in promise) cancel: Owner asynchronously disposed", source: https://meet.google.com/_/scs/mss-static/_/js/k=boq-rtc.MeetingsUi.en_US.H_R4dpdy3uQ.2020.O/am=AAAAwDAAAAAAACAAAAAAAIBABAAAAAiEQQAAQAAAAQIBAAAAAAIAAAAAAAAAAAAAQAZgABgAAQ/d=1/excm=_b,_tp,calldesktoppageview/ed=1/dg=0/br=1/wt=2/ujg=1/rs=AL5CKSFzIkPKQ42y3kgCxEEZ8tXsA_wFoA/dti=1/m=_b,_tp?wli=MeetingsUi.V9oXIQCnLmU.loadAudioAnalyzer.O%3A%3BMeetingsUi.YIhIGrC_dD8.loadAudioEncoder.O%3A%3BMeetingsUi.NW19RCr9Mo0.loadNetEqSabWrapper.O%3A%3BMeetingsUi.uuzP_RX65Sk.loadNetEqWrapper.O%3A%3B (358)
[0415/184015.613:INFO:CONSOLE:358] "Uncaught (in promise) cancel: Disposed before init", source: https://meet.google.com/_/scs/mss-static/_/js/k=boq-rtc.MeetingsUi.en_US.H_R4dpdy3uQ.2020.O/am=AAAAwDAAAAAAACAAAAAAAIBABAAAAAiEQQAAQAAAAQIBAAAAAAIAAAAAAAAAAAAAQAZgABgAAQ/d=1/excm=_b,_tp,calldesktoppageview/ed=1/dg=0/br=1/wt=2/ujg=1/rs=AL5CKSFzIkPKQ42y3kgCxEEZ8tXsA_wFoA/dti=1/m=_b,_tp?wli=MeetingsUi.V9oXIQCnLmU.loadAudioAnalyzer.O%3A%3BMeetingsUi.YIhIGrC_dD8.loadAudioEncoder.O%3A%3BMeetingsUi.NW19RCr9Mo0.loadNetEqSabWrapper.O%3A%3BMeetingsUi.uuzP_RX65Sk.loadNetEqWrapper.O%3A%3B (358)
[0415/184015.613:INFO:CONSOLE:358] "Uncaught (in promise) cancel: Disposed before init", source: https://meet.google.com/_/scs/mss-static/_/js/k=boq-rtc.MeetingsUi.en_US.H_R4dpdy3uQ.2020.O/am=AAAAwDAAAAAAACAAAAAAAIBABAAAAAiEQQAAQAAAAQIBAAAAAAIAAAAAAAAAAAAAQAZgABgAAQ/d=1/excm=_b,_tp,calldesktoppageview/ed=1/dg=0/br=1/wt=2/ujg=1/rs=AL5CKSFzIkPKQ42y3kgCxEEZ8tXsA_wFoA/dti=1/m=_b,_tp?wli=MeetingsUi.V9oXIQCnLmU.loadAudioAnalyzer.O%3A%3BMeetingsUi.YIhIGrC_dD8.loadAudioEncoder.O%3A%3BMeetingsUi.NW19RCr9Mo0.loadNetEqSabWrapper.O%3A%3BMeetingsUi.uuzP_RX65Sk.loadNetEqWrapper.O%3A%3B (358)
[0415/184015.613:INFO:CONSOLE:358] "Uncaught (in promise) cancel: Disposed before init", source: https://meet.google.com/_/scs/mss-static/_/js/k=boq-rtc.MeetingsUi.en_US.H_R4dpdy3uQ.2020.O/am=AAAAwDAAAAAAACAAAAAAAIBABAAAAAiEQQAAQAAAAQIBAAAAAAIAAAAAAAAAAAAAQAZgABgAAQ/d=1/excm=_b,_tp,calldesktoppageview/ed=1/dg=0/br=1/wt=2/ujg=1/rs=AL5CKSFzIkPKQ42y3kgCxEEZ8tXsA_wFoA/dti=1/m=_b,_tp?wli=MeetingsUi.V9oXIQCnLmU.loadAudioAnalyzer.O%3A%3BMeetingsUi.YIhIGrC_dD8.loadAudioEncoder.O%3A%3BMeetingsUi.NW19RCr9Mo0.loadNetEqSabWrapper.O%3A%3BMeetingsUi.uuzP_RX65Sk.loadNetEqWrapper.O%3A%3B (358)
[0415/184015.613:INFO:CONSOLE:358] "Uncaught (in promise) cancel: Disposed before init", source: https://meet.google.com/_/scs/mss-static/_/js/k=boq-rtc.MeetingsUi.en_US.H_R4dpdy3uQ.2020.O/am=AAAAwDAAAAAAACAAAAAAAIBABAAAAAiEQQAAQAAAAQIBAAAAAAIAAAAAAAAAAAAAQAZgABgAAQ/d=1/excm=_b,_tp,calldesktoppageview/ed=1/dg=0/br=1/wt=2/ujg=1/rs=AL5CKSFzIkPKQ42y3kgCxEEZ8tXsA_wFoA/dti=1/m=_b,_tp?wli=MeetingsUi.V9oXIQCnLmU.loadAudioAnalyzer.O%3A%3BMeetingsUi.YIhIGrC_dD8.loadAudioEncoder.O%3A%3BMeetingsUi.NW19RCr9Mo0.loadNetEqSabWrapper.O%3A%3BMeetingsUi.uuzP_RX65Sk.loadNetEqWrapper.O%3A%3B (358)
[0415/184015.614:INFO:CONSOLE:358] "Uncaught (in promise) cancel: Disposed before init", source: https://meet.google.com/_/scs/mss-static/_/js/k=boq-rtc.MeetingsUi.en_US.H_R4dpdy3uQ.2020.O/am=AAAAwDAAAAAAACAAAAAAAIBABAAAAAiEQQAAQAAAAQIBAAAAAAIAAAAAAAAAAAAAQAZgABgAAQ/d=1/excm=_b,_tp,calldesktoppageview/ed=1/dg=0/br=1/wt=2/ujg=1/rs=AL5CKSFzIkPKQ42y3kgCxEEZ8tXsA_wFoA/dti=1/m=_b,_tp?wli=MeetingsUi.V9oXIQCnLmU.loadAudioAnalyzer.O%3A%3BMeetingsUi.YIhIGrC_dD8.loadAudioEncoder.O%3A%3BMeetingsUi.NW19RCr9Mo0.loadNetEqSabWrapper.O%3A%3BMeetingsUi.uuzP_RX65Sk.loadNetEqWrapper.O%3A%3B (358)
[0415/184015.614:INFO:CONSOLE:358] "Uncaught (in promise) cancel: Signal asynchronously disposed", source: https://meet.google.com/_/scs/mss-static/_/js/k=boq-rtc.MeetingsUi.en_US.H_R4dpdy3uQ.2020.O/am=AAAAwDAAAAAAACAAAAAAAIBABAAAAAiEQQAAQAAAAQIBAAAAAAIAAAAAAAAAAAAAQAZgABgAAQ/d=1/excm=_b,_tp,calldesktoppageview/ed=1/dg=0/br=1/wt=2/ujg=1/rs=AL5CKSFzIkPKQ42y3kgCxEEZ8tXsA_wFoA/dti=1/m=_b,_tp?wli=MeetingsUi.V9oXIQCnLmU.loadAudioAnalyzer.O%3A%3BMeetingsUi.YIhIGrC_dD8.loadAudioEncoder.O%3A%3BMeetingsUi.NW19RCr9Mo0.loadNetEqSabWrapper.O%3A%3BMeetingsUi.uuzP_RX65Sk.loadNetEqWrapper.O%3A%3B (358)
[0415/184015.614:INFO:CONSOLE:358] "Uncaught (in promise) cancel: Signal asynchronously disposed", source: https://meet.google.com/_/scs/mss-static/_/js/k=boq-rtc.MeetingsUi.en_US.H_R4dpdy3uQ.2020.O/am=AAAAwDAAAAAAACAAAAAAAIBABAAAAAiEQQAAQAAAAQIBAAAAAAIAAAAAAAAAAAAAQAZgABgAAQ/d=1/excm=_b,_tp,calldesktoppageview/ed=1/dg=0/br=1/wt=2/ujg=1/rs=AL5CKSFzIkPKQ42y3kgCxEEZ8tXsA_wFoA/dti=1/m=_b,_tp?wli=MeetingsUi.V9oXIQCnLmU.loadAudioAnalyzer.O%3A%3BMeetingsUi.YIhIGrC_dD8.loadAudioEncoder.O%3A%3BMeetingsUi.NW19RCr9Mo0.loadNetEqSabWrapper.O%3A%3BMeetingsUi.uuzP_RX65Sk.loadNetEqWrapper.O%3A%3B (358)
[0415/184015.614:INFO:CONSOLE:358] "Uncaught (in promise) cancel: Signal asynchronously disposed", source: https://meet.google.com/_/scs/mss-static/_/js/k=boq-rtc.MeetingsUi.en_US.H_R4dpdy3uQ.2020.O/am=AAAAwDAAAAAAACAAAAAAAIBABAAAAAiEQQAAQAAAAQIBAAAAAAIAAAAAAAAAAAAAQAZgABgAAQ/d=1/excm=_b,_tp,calldesktoppageview/ed=1/dg=0/br=1/wt=2/ujg=1/rs=AL5CKSFzIkPKQ42y3kgCxEEZ8tXsA_wFoA/dti=1/m=_b,_tp?wli=MeetingsUi.V9oXIQCnLmU.loadAudioAnalyzer.O%3A%3BMeetingsUi.YIhIGrC_dD8.loadAudioEncoder.O%3A%3BMeetingsUi.NW19RCr9Mo0.loadNetEqSabWrapper.O%3A%3BMeetingsUi.uuzP_RX65Sk.loadNetEqWrapper.O%3A%3B (358)
[0415/184015.614:INFO:CONSOLE:358] "Uncaught (in promise) cancel: Signal asynchronously disposed", source: https://meet.google.com/_/scs/mss-static/_/js/k=boq-rtc.MeetingsUi.en_US.H_R4dpdy3uQ.2020.O/am=AAAAwDAAAAAAACAAAAAAAIBABAAAAAiEQQAAQAAAAQIBAAAAAAIAAAAAAAAAAAAAQAZgABgAAQ/d=1/excm=_b,_tp,calldesktoppageview/ed=1/dg=0/br=1/wt=2/ujg=1/rs=AL5CKSFzIkPKQ42y3kgCxEEZ8tXsA_wFoA/dti=1/m=_b,_tp?wli=MeetingsUi.V9oXIQCnLmU.loadAudioAnalyzer.O%3A%3BMeetingsUi.YIhIGrC_dD8.loadAudioEncoder.O%3A%3BMeetingsUi.NW19RCr9Mo0.loadNetEqSabWrapper.O%3A%3BMeetingsUi.uuzP_RX65Sk.loadNetEqWrapper.O%3A%3B (358)
[0415/184015.614:INFO:CONSOLE:358] "Uncaught (in promise) cancel: Signal asynchronously disposed", source: https://meet.google.com/_/scs/mss-static/_/js/k=boq-rtc.MeetingsUi.en_US.H_R4dpdy3uQ.2020.O/am=AAAAwDAAAAAAACAAAAAAAIBABAAAAAiEQQAAQAAAAQIBAAAAAAIAAAAAAAAAAAAAQAZgABgAAQ/d=1/excm=_b,_tp,calldesktoppageview/ed=1/dg=0/br=1/wt=2/ujg=1/rs=AL5CKSFzIkPKQ42y3kgCxEEZ8tXsA_wFoA/dti=1/m=_b,_tp?wli=MeetingsUi.V9oXIQCnLmU.loadAudioAnalyzer.O%3A%3BMeetingsUi.YIhIGrC_dD8.loadAudioEncoder.O%3A%3BMeetingsUi.NW19RCr9Mo0.loadNetEqSabWrapper.O%3A%3BMeetingsUi.uuzP_RX65Sk.loadNetEqWrapper.O%3A%3B (358)
[0415/184015.614:INFO:CONSOLE:358] "Uncaught (in promise) cancel: Signal asynchronously disposed", source: https://meet.google.com/_/scs/mss-static/_/js/k=boq-rtc.MeetingsUi.en_US.H_R4dpdy3uQ.2020.O/am=AAAAwDAAAAAAACAAAAAAAIBABAAAAAiEQQAAQAAAAQIBAAAAAAIAAAAAAAAAAAAAQAZgABgAAQ/d=1/excm=_b,_tp,calldesktoppageview/ed=1/dg=0/br=1/wt=2/ujg=1/rs=AL5CKSFzIkPKQ42y3kgCxEEZ8tXsA_wFoA/dti=1/m=_b,_tp?wli=MeetingsUi.V9oXIQCnLmU.loadAudioAnalyzer.O%3A%3BMeetingsUi.YIhIGrC_dD8.loadAudioEncoder.O%3A%3BMeetingsUi.NW19RCr9Mo0.loadNetEqSabWrapper.O%3A%3BMeetingsUi.uuzP_RX65Sk.loadNetEqWrapper.O%3A%3B (358)
[0415/184015.636:INFO:CONSOLE:358] "Uncaught (in promise) cancel: Signal asynchronously disposed", source: https://meet.google.com/_/scs/mss-static/_/js/k=boq-rtc.MeetingsUi.en_US.H_R4dpdy3uQ.2020.O/am=AAAAwDAAAAAAACAAAAAAAIBABAAAAAiEQQAAQAAAAQIBAAAAAAIAAAAAAAAAAAAAQAZgABgAAQ/d=1/excm=_b,_tp,calldesktoppageview/ed=1/dg=0/br=1/wt=2/ujg=1/rs=AL5CKSFzIkPKQ42y3kgCxEEZ8tXsA_wFoA/dti=1/m=_b,_tp?wli=MeetingsUi.V9oXIQCnLmU.loadAudioAnalyzer.O%3A%3BMeetingsUi.YIhIGrC_dD8.loadAudioEncoder.O%3A%3BMeetingsUi.NW19RCr9Mo0.loadNetEqSabWrapper.O%3A%3BMeetingsUi.uuzP_RX65Sk.loadNetEqWrapper.O%3A%3B (358)
